2016-02-18 13:02:53
Full thread dump Java HotSpot(TM) Client VM (20.9-b04 mixed mode):

"TxCleanupService,airportCache,local" daemon prio=6 tid=0x59568000 nid=0x2530 waiting on condition [0x5771f000]
   java.lang.Thread.State: TIMED_WAITING (parking)
	at sun.misc.Unsafe.park(Native Method)
	- parking to wait for  <0x0f84dd68> (a java.util.concurrent.locks.AbstractQueuedSynchronizer$ConditionObject)
	at java.util.concurrent.locks.LockSupport.parkNanos(LockSupport.java:196)
	at java.util.concurrent.locks.AbstractQueuedSynchronizer$ConditionObject.awaitNanos(AbstractQueuedSynchronizer.java:2025)
	at java.util.concurrent.DelayQueue.take(DelayQueue.java:164)
	at java.util.concurrent.ScheduledThreadPoolExecutor$DelayedWorkQueue.take(ScheduledThreadPoolExecutor.java:609)
	at java.util.concurrent.ScheduledThreadPoolExecutor$DelayedWorkQueue.take(ScheduledThreadPoolExecutor.java:602)
	at java.util.concurrent.ThreadPoolExecutor.getTask(ThreadPoolExecutor.java:947)
	at java.util.concurrent.ThreadPoolExecutor$Worker.run(ThreadPoolExecutor.java:907)
	at java.lang.Thread.run(Thread.java:662)

   Locked ownable synchronizers:
	- None

"TxCleanupService,cityPairsCache,local" daemon prio=6 tid=0x59566800 nid=0x2fa0 waiting on condition [0x561cf000]
   java.lang.Thread.State: TIMED_WAITING (parking)
	at sun.misc.Unsafe.park(Native Method)
	- parking to wait for  <0x0f8230e8> (a java.util.concurrent.locks.AbstractQueuedSynchronizer$ConditionObject)
	at java.util.concurrent.locks.LockSupport.parkNanos(LockSupport.java:196)
	at java.util.concurrent.locks.AbstractQueuedSynchronizer$ConditionObject.awaitNanos(AbstractQueuedSynchronizer.java:2025)
	at java.util.concurrent.DelayQueue.take(DelayQueue.java:164)
	at java.util.concurrent.ScheduledThreadPoolExecutor$DelayedWorkQueue.take(ScheduledThreadPoolExecutor.java:609)
	at java.util.concurrent.ScheduledThreadPoolExecutor$DelayedWorkQueue.take(ScheduledThreadPoolExecutor.java:602)
	at java.util.concurrent.ThreadPoolExecutor.getTask(ThreadPoolExecutor.java:947)
	at java.util.concurrent.ThreadPoolExecutor$Worker.run(ThreadPoolExecutor.java:907)
	at java.lang.Thread.run(Thread.java:662)

   Locked ownable synchronizers:
	- None

"HostAccessServiceManager lookup monitor thread" daemon prio=6 tid=0x58b72000 nid=0x15ac waiting on condition [0x548ff000]
   java.lang.Thread.State: TIMED_WAITING (sleeping)
	at java.lang.Thread.sleep(Native Method)
	at com.datalex.has.core.HostAccessServiceManager$LookupMonitorThread.run(HostAccessServiceManager.java:160)

   Locked ownable synchronizers:
	- None

"persistence-thread-0" daemon prio=6 tid=0x5a4d5400 nid=0x37c8 waiting on condition [0x574df000]
   java.lang.Thread.State: WAITING (parking)
	at sun.misc.Unsafe.park(Native Method)
	- parking to wait for  <0x2d189cb0> (a java.util.concurrent.SynchronousQueue$TransferStack)
	at java.util.concurrent.locks.LockSupport.park(LockSupport.java:156)
	at java.util.concurrent.SynchronousQueue$TransferStack.awaitFulfill(SynchronousQueue.java:422)
	at java.util.concurrent.SynchronousQueue$TransferStack.transfer(SynchronousQueue.java:323)
	at java.util.concurrent.SynchronousQueue.take(SynchronousQueue.java:857)
	at java.util.concurrent.ThreadPoolExecutor.getTask(ThreadPoolExecutor.java:947)
	at java.util.concurrent.ThreadPoolExecutor$Worker.run(ThreadPoolExecutor.java:907)
	at java.lang.Thread.run(Thread.java:662)

   Locked ownable synchronizers:
	- None

"pool-12-thread-1" prio=6 tid=0x59567c00 nid=0x1570 waiting on condition [0x5768f000]
   java.lang.Thread.State: TIMED_WAITING (parking)
	at sun.misc.Unsafe.park(Native Method)
	- parking to wait for  <0x2ba4b7a0> (a java.util.concurrent.locks.AbstractQueuedSynchronizer$ConditionObject)
	at java.util.concurrent.locks.LockSupport.parkNanos(LockSupport.java:196)
	at java.util.concurrent.locks.AbstractQueuedSynchronizer$ConditionObject.awaitNanos(AbstractQueuedSynchronizer.java:2025)
	at java.util.concurrent.DelayQueue.take(DelayQueue.java:164)
	at java.util.concurrent.ScheduledThreadPoolExecutor$DelayedWorkQueue.take(ScheduledThreadPoolExecutor.java:609)
	at java.util.concurrent.ScheduledThreadPoolExecutor$DelayedWorkQueue.take(ScheduledThreadPoolExecutor.java:602)
	at java.util.concurrent.ThreadPoolExecutor.getTask(ThreadPoolExecutor.java:947)
	at java.util.concurrent.ThreadPoolExecutor$Worker.run(ThreadPoolExecutor.java:907)
	at java.lang.Thread.run(Thread.java:662)

   Locked ownable synchronizers:
	- None

"MongoCleaner5777276" daemon prio=6 tid=0x59567400 nid=0x30a8 waiting on condition [0x575ff000]
   java.lang.Thread.State: TIMED_WAITING (sleeping)
	at java.lang.Thread.sleep(Native Method)
	at com.mongodb.Mongo$CursorCleanerThread.run(Mongo.java:796)

   Locked ownable synchronizers:
	- None

"cluster-2-10.156.53.241:27017" daemon prio=6 tid=0x59566c00 nid=0x19c8 waiting on condition [0x5756f000]
   java.lang.Thread.State: TIMED_WAITING (parking)
	at sun.misc.Unsafe.park(Native Method)
	- parking to wait for  <0x2b9a5678> (a java.util.concurrent.locks.AbstractQueuedSynchronizer$ConditionObject)
	at java.util.concurrent.locks.LockSupport.parkNanos(LockSupport.java:196)
	at java.util.concurrent.locks.AbstractQueuedSynchronizer$ConditionObject.awaitNanos(AbstractQueuedSynchronizer.java:2025)
	at com.mongodb.ServerMonitor$ServerMonitorRunnable.waitForSignalOrTimeout(ServerMonitor.java:177)
	at com.mongodb.ServerMonitor$ServerMonitorRunnable.waitForNext(ServerMonitor.java:158)
	at com.mongodb.ServerMonitor$ServerMonitorRunnable.run(ServerMonitor.java:124)
	at java.lang.Thread.run(Thread.java:662)

   Locked ownable synchronizers:
	- None

"FileWatchdog" daemon prio=6 tid=0x59566000 nid=0x10c4 waiting on condition [0x571cf000]
   java.lang.Thread.State: TIMED_WAITING (sleeping)
	at java.lang.Thread.sleep(Native Method)
	at org.apache.log4j.helpers.FileWatchdog.run(FileWatchdog.java:104)

   Locked ownable synchronizers:
	- None

"pool-10-thread-1" prio=6 tid=0x59565c00 nid=0x2848 waiting on condition [0x570ef000]
   java.lang.Thread.State: TIMED_WAITING (parking)
	at sun.misc.Unsafe.park(Native Method)
	- parking to wait for  <0x28816f48> (a java.util.concurrent.locks.AbstractQueuedSynchronizer$ConditionObject)
	at java.util.concurrent.locks.LockSupport.parkNanos(LockSupport.java:196)
	at java.util.concurrent.locks.AbstractQueuedSynchronizer$ConditionObject.awaitNanos(AbstractQueuedSynchronizer.java:2025)
	at java.util.concurrent.DelayQueue.take(DelayQueue.java:164)
	at java.util.concurrent.ScheduledThreadPoolExecutor$DelayedWorkQueue.take(ScheduledThreadPoolExecutor.java:609)
	at java.util.concurrent.ScheduledThreadPoolExecutor$DelayedWorkQueue.take(ScheduledThreadPoolExecutor.java:602)
	at java.util.concurrent.ThreadPoolExecutor.getTask(ThreadPoolExecutor.java:947)
	at java.util.concurrent.ThreadPoolExecutor$Worker.run(ThreadPoolExecutor.java:907)
	at java.lang.Thread.run(Thread.java:662)

   Locked ownable synchronizers:
	- None

"MongoCleaner23882305" daemon prio=6 tid=0x59565400 nid=0x22b0 waiting on condition [0x566ef000]
   java.lang.Thread.State: TIMED_WAITING (sleeping)
	at java.lang.Thread.sleep(Native Method)
	at com.mongodb.Mongo$CursorCleanerThread.run(Mongo.java:796)

   Locked ownable synchronizers:
	- None

"cluster-1-10.156.53.241:27017" daemon prio=6 tid=0x58b72800 nid=0x1258 runnable [0x5640f000]
   java.lang.Thread.State: RUNNABLE
	at java.net.PlainSocketImpl.socketConnect(Native Method)
	at java.net.PlainSocketImpl.doConnect(PlainSocketImpl.java:351)
	- locked <0x121e8308> (a java.net.SocksSocketImpl)
	at java.net.PlainSocketImpl.connectToAddress(PlainSocketImpl.java:213)
	at java.net.PlainSocketImpl.connect(PlainSocketImpl.java:200)
	at java.net.SocksSocketImpl.connect(SocksSocketImpl.java:366)
	at java.net.Socket.connect(Socket.java:529)
	at com.mongodb.DBPort.ensureOpen(DBPort.java:287)
	- locked <0x0f1d5388> (a com.mongodb.DBPort)
	at com.mongodb.DBPort.<init>(DBPort.java:113)
	at com.mongodb.DBPort.<init>(DBPort.java:100)
	at com.mongodb.ServerMonitor$ServerMonitorRunnable.run(ServerMonitor.java:88)
	at java.lang.Thread.run(Thread.java:662)

   Locked ownable synchronizers:
	- None

"TxCleanupService,referenceData,local" daemon prio=6 tid=0x58b73800 nid=0x1d9c waiting on condition [0x5625f000]
   java.lang.Thread.State: TIMED_WAITING (parking)
	at sun.misc.Unsafe.park(Native Method)
	- parking to wait for  <0x2815df38> (a java.util.concurrent.locks.AbstractQueuedSynchronizer$ConditionObject)
	at java.util.concurrent.locks.LockSupport.parkNanos(LockSupport.java:196)
	at java.util.concurrent.locks.AbstractQueuedSynchronizer$ConditionObject.awaitNanos(AbstractQueuedSynchronizer.java:2025)
	at java.util.concurrent.DelayQueue.take(DelayQueue.java:164)
	at java.util.concurrent.ScheduledThreadPoolExecutor$DelayedWorkQueue.take(ScheduledThreadPoolExecutor.java:609)
	at java.util.concurrent.ScheduledThreadPoolExecutor$DelayedWorkQueue.take(ScheduledThreadPoolExecutor.java:602)
	at java.util.concurrent.ThreadPoolExecutor.getTask(ThreadPoolExecutor.java:947)
	at java.util.concurrent.ThreadPoolExecutor$Worker.run(ThreadPoolExecutor.java:907)
	at java.lang.Thread.run(Thread.java:662)

   Locked ownable synchronizers:
	- None

"Scheduled-EvictionThread-0" daemon prio=2 tid=0x59565000 nid=0x1060 waiting on condition [0x57d4f000]
   java.lang.Thread.State: TIMED_WAITING (parking)
	at sun.misc.Unsafe.park(Native Method)
	- parking to wait for  <0x26378388> (a java.util.concurrent.locks.AbstractQueuedSynchronizer$ConditionObject)
	at java.util.concurrent.locks.LockSupport.parkNanos(LockSupport.java:196)
	at java.util.concurrent.locks.AbstractQueuedSynchronizer$ConditionObject.awaitNanos(AbstractQueuedSynchronizer.java:2025)
	at java.util.concurrent.DelayQueue.take(DelayQueue.java:164)
	at java.util.concurrent.ScheduledThreadPoolExecutor$DelayedWorkQueue.take(ScheduledThreadPoolExecutor.java:609)
	at java.util.concurrent.ScheduledThreadPoolExecutor$DelayedWorkQueue.take(ScheduledThreadPoolExecutor.java:602)
	at java.util.concurrent.ThreadPoolExecutor.getTask(ThreadPoolExecutor.java:947)
	at java.util.concurrent.ThreadPoolExecutor$Worker.run(ThreadPoolExecutor.java:907)
	at java.lang.Thread.run(Thread.java:662)

   Locked ownable synchronizers:
	- None

"TxCleanupService,messages,local" daemon prio=6 tid=0x59564800 nid=0x3734 waiting on condition [0x57cbf000]
   java.lang.Thread.State: TIMED_WAITING (parking)
	at sun.misc.Unsafe.park(Native Method)
	- parking to wait for  <0x2636d318> (a java.util.concurrent.locks.AbstractQueuedSynchronizer$ConditionObject)
	at java.util.concurrent.locks.LockSupport.parkNanos(LockSupport.java:196)
	at java.util.concurrent.locks.AbstractQueuedSynchronizer$ConditionObject.awaitNanos(AbstractQueuedSynchronizer.java:2025)
	at java.util.concurrent.DelayQueue.take(DelayQueue.java:164)
	at java.util.concurrent.ScheduledThreadPoolExecutor$DelayedWorkQueue.take(ScheduledThreadPoolExecutor.java:609)
	at java.util.concurrent.ScheduledThreadPoolExecutor$DelayedWorkQueue.take(ScheduledThreadPoolExecutor.java:602)
	at java.util.concurrent.ThreadPoolExecutor.getTask(ThreadPoolExecutor.java:947)
	at java.util.concurrent.ThreadPoolExecutor$Worker.run(ThreadPoolExecutor.java:907)
	at java.lang.Thread.run(Thread.java:662)

   Locked ownable synchronizers:
	- None

"pool-8-thread-1" prio=6 tid=0x5a013c00 nid=0x15bc waiting on condition [0x5704f000]
   java.lang.Thread.State: WAITING (parking)
	at sun.misc.Unsafe.park(Native Method)
	- parking to wait for  <0x230b02b0> (a java.util.concurrent.SynchronousQueue$TransferStack)
	at java.util.concurrent.locks.LockSupport.park(LockSupport.java:156)
	at java.util.concurrent.SynchronousQueue$TransferStack.awaitFulfill(SynchronousQueue.java:422)
	at java.util.concurrent.SynchronousQueue$TransferStack.transfer(SynchronousQueue.java:323)
	at java.util.concurrent.SynchronousQueue.take(SynchronousQueue.java:857)
	at java.util.concurrent.ThreadPoolExecutor.getTask(ThreadPoolExecutor.java:947)
	at java.util.concurrent.ThreadPoolExecutor$Worker.run(ThreadPoolExecutor.java:907)
	at java.lang.Thread.run(Thread.java:662)

   Locked ownable synchronizers:
	- None

"JDWP Command Reader" daemon prio=6 tid=0x59606800 nid=0x35dc runnable [0x00000000]
   java.lang.Thread.State: RUNNABLE

   Locked ownable synchronizers:
	- None

"http-/127.0.0.1:8443-11" daemon prio=6 tid=0x5a4d7800 nid=0x2ef8 in Object.wait() [0x565cf000]
   java.lang.Thread.State: WAITING (on object monitor)
	at java.lang.Object.wait(Native Method)
	- waiting on <0x22f8bc38> (a org.apache.tomcat.util.net.JIoEndpoint$Worker)
	at java.lang.Object.wait(Object.java:485)
	at org.apache.tomcat.util.net.JIoEndpoint$Worker.await(JIoEndpoint.java:875)
	- locked <0x22f8bc38> (a org.apache.tomcat.util.net.JIoEndpoint$Worker)
	at org.apache.tomcat.util.net.JIoEndpoint$Worker.run(JIoEndpoint.java:901)
	at java.lang.Thread.run(Thread.java:662)

   Locked ownable synchronizers:
	- None

"http-/127.0.0.1:8443-10" daemon prio=6 tid=0x5a4d8400 nid=0x2f54 runnable [0x5653f000]
   java.lang.Thread.State: RUNNABLE
	at java.net.SocketInputStream.socketRead0(Native Method)
	at java.net.SocketInputStream.read(SocketInputStream.java:129)
	at com.sun.net.ssl.internal.ssl.InputRecord.readFully(InputRecord.java:293)
	at com.sun.net.ssl.internal.ssl.InputRecord.read(InputRecord.java:331)
	at com.sun.net.ssl.internal.ssl.SSLSocketImpl.readRecord(SSLSocketImpl.java:863)
	- locked <0x2e955960> (a java.lang.Object)
	at com.sun.net.ssl.internal.ssl.SSLSocketImpl.readDataRecord(SSLSocketImpl.java:820)
	at com.sun.net.ssl.internal.ssl.AppInputStream.read(AppInputStream.java:75)
	- locked <0x2e9559d0> (a com.sun.net.ssl.internal.ssl.AppInputStream)
	at org.apache.coyote.http11.InternalInputBuffer.fill(InternalInputBuffer.java:721)
	at org.apache.coyote.http11.InternalInputBuffer.parseRequestLine(InternalInputBuffer.java:359)
	at org.apache.coyote.http11.Http11Processor.process(Http11Processor.java:821)
	at org.apache.coyote.http11.Http11Protocol$Http11ConnectionHandler.process(Http11Protocol.java:653)
	at org.apache.tomcat.util.net.JIoEndpoint$Worker.run(JIoEndpoint.java:920)
	at java.lang.Thread.run(Thread.java:662)

   Locked ownable synchronizers:
	- None

"http-/127.0.0.1:8443-9" daemon prio=6 tid=0x5a4d8c00 nid=0x27fc in Object.wait() [0x564af000]
   java.lang.Thread.State: WAITING (on object monitor)
	at java.lang.Object.wait(Native Method)
	- waiting on <0x22f8bc78> (a org.apache.tomcat.util.net.JIoEndpoint$Worker)
	at java.lang.Object.wait(Object.java:485)
	at org.apache.tomcat.util.net.JIoEndpoint$Worker.await(JIoEndpoint.java:875)
	- locked <0x22f8bc78> (a org.apache.tomcat.util.net.JIoEndpoint$Worker)
	at org.apache.tomcat.util.net.JIoEndpoint$Worker.run(JIoEndpoint.java:901)
	at java.lang.Thread.run(Thread.java:662)

   Locked ownable synchronizers:
	- None

"http-/127.0.0.1:8443-8" daemon prio=6 tid=0x5a4d7400 nid=0x1c30 in Object.wait() [0x5645f000]
   java.lang.Thread.State: WAITING (on object monitor)
	at java.lang.Object.wait(Native Method)
	- waiting on <0x22f8bc98> (a org.apache.tomcat.util.net.JIoEndpoint$Worker)
	at java.lang.Object.wait(Object.java:485)
	at org.apache.tomcat.util.net.JIoEndpoint$Worker.await(JIoEndpoint.java:875)
	- locked <0x22f8bc98> (a org.apache.tomcat.util.net.JIoEndpoint$Worker)
	at org.apache.tomcat.util.net.JIoEndpoint$Worker.run(JIoEndpoint.java:901)
	at java.lang.Thread.run(Thread.java:662)

   Locked ownable synchronizers:
	- None

"JDWP Transport Listener: dt_socket" daemon prio=6 tid=0x59678000 nid=0x1c84 runnable [0x00000000]
   java.lang.Thread.State: RUNNABLE

   Locked ownable synchronizers:
	- None

"MultiThreadedHttpConnectionManager cleanup" daemon prio=6 tid=0x5a4d6c00 nid=0x3668 in Object.wait() [0x55f8f000]
   java.lang.Thread.State: WAITING (on object monitor)
	at java.lang.Object.wait(Native Method)
	- waiting on <0x20da66e8> (a java.lang.ref.ReferenceQueue$Lock)
	at java.lang.ref.ReferenceQueue.remove(ReferenceQueue.java:118)
	- locked <0x20da66e8> (a java.lang.ref.ReferenceQueue$Lock)
	at java.lang.ref.ReferenceQueue.remove(ReferenceQueue.java:134)
	at org.apache.commons.httpclient.MultiThreadedHttpConnectionManager$ReferenceQueueThread.run(MultiThreadedHttpConnectionManager.java:1122)

   Locked ownable synchronizers:
	- None

"http-/127.0.0.1:8443-7" daemon prio=6 tid=0x55210400 nid=0x1cc runnable [0x55eff000]
   java.lang.Thread.State: RUNNABLE
	at java.net.SocketInputStream.socketRead0(Native Method)
	at java.net.SocketInputStream.read(SocketInputStream.java:129)
	at com.sun.net.ssl.internal.ssl.InputRecord.readFully(InputRecord.java:293)
	at com.sun.net.ssl.internal.ssl.InputRecord.read(InputRecord.java:331)
	at com.sun.net.ssl.internal.ssl.SSLSocketImpl.readRecord(SSLSocketImpl.java:863)
	- locked <0x0d0021e8> (a java.lang.Object)
	at com.sun.net.ssl.internal.ssl.SSLSocketImpl.readDataRecord(SSLSocketImpl.java:820)
	at com.sun.net.ssl.internal.ssl.AppInputStream.read(AppInputStream.java:75)
	- locked <0x0d002290> (a com.sun.net.ssl.internal.ssl.AppInputStream)
	at org.apache.coyote.http11.InternalInputBuffer.fill(InternalInputBuffer.java:721)
	at org.apache.coyote.http11.InternalInputBuffer.parseRequestLine(InternalInputBuffer.java:359)
	at org.apache.coyote.http11.Http11Processor.process(Http11Processor.java:821)
	at org.apache.coyote.http11.Http11Protocol$Http11ConnectionHandler.process(Http11Protocol.java:653)
	at org.apache.tomcat.util.net.JIoEndpoint$Worker.run(JIoEndpoint.java:920)
	at java.lang.Thread.run(Thread.java:662)

   Locked ownable synchronizers:
	- None

"http-/127.0.0.1:8443-6" daemon prio=6 tid=0x55210c00 nid=0x264c runnable [0x5613f000]
   java.lang.Thread.State: RUNNABLE
	at java.net.SocketInputStream.socketRead0(Native Method)
	at java.net.SocketInputStream.read(SocketInputStream.java:129)
	at com.sun.net.ssl.internal.ssl.InputRecord.readFully(InputRecord.java:293)
	at com.sun.net.ssl.internal.ssl.InputRecord.read(InputRecord.java:331)
	at com.sun.net.ssl.internal.ssl.SSLSocketImpl.readRecord(SSLSocketImpl.java:863)
	- locked <0x2e9d4168> (a java.lang.Object)
	at com.sun.net.ssl.internal.ssl.SSLSocketImpl.readDataRecord(SSLSocketImpl.java:820)
	at com.sun.net.ssl.internal.ssl.AppInputStream.read(AppInputStream.java:75)
	- locked <0x2e9d41f8> (a com.sun.net.ssl.internal.ssl.AppInputStream)
	at org.apache.coyote.http11.InternalInputBuffer.fill(InternalInputBuffer.java:721)
	at org.apache.coyote.http11.InternalInputBuffer.parseRequestLine(InternalInputBuffer.java:359)
	at org.apache.coyote.http11.Http11Processor.process(Http11Processor.java:821)
	at org.apache.coyote.http11.Http11Protocol$Http11ConnectionHandler.process(Http11Protocol.java:653)
	at org.apache.tomcat.util.net.JIoEndpoint$Worker.run(JIoEndpoint.java:920)
	at java.lang.Thread.run(Thread.java:662)

   Locked ownable synchronizers:
	- None

"http-/127.0.0.1:8443-5" daemon prio=6 tid=0x55213800 nid=0x3364 in Object.wait() [0x560af000]
   java.lang.Thread.State: WAITING (on object monitor)
	at java.lang.Object.wait(Native Method)
	- waiting on <0x2208fda0> (a org.apache.tomcat.util.net.JIoEndpoint$Worker)
	at java.lang.Object.wait(Object.java:485)
	at org.apache.tomcat.util.net.JIoEndpoint$Worker.await(JIoEndpoint.java:875)
	- locked <0x2208fda0> (a org.apache.tomcat.util.net.JIoEndpoint$Worker)
	at org.apache.tomcat.util.net.JIoEndpoint$Worker.run(JIoEndpoint.java:901)
	at java.lang.Thread.run(Thread.java:662)

   Locked ownable synchronizers:
	- None

"http-/127.0.0.1:8443-4" daemon prio=6 tid=0x55215000 nid=0x30a0 runnable [0x5601f000]
   java.lang.Thread.State: RUNNABLE
	at java.net.SocketInputStream.socketRead0(Native Method)
	at java.net.SocketInputStream.read(SocketInputStream.java:129)
	at com.sun.net.ssl.internal.ssl.InputRecord.readFully(InputRecord.java:293)
	at com.sun.net.ssl.internal.ssl.InputRecord.read(InputRecord.java:331)
	at com.sun.net.ssl.internal.ssl.SSLSocketImpl.readRecord(SSLSocketImpl.java:863)
	- locked <0x08e3e400> (a java.lang.Object)
	at com.sun.net.ssl.internal.ssl.SSLSocketImpl.readDataRecord(SSLSocketImpl.java:820)
	at com.sun.net.ssl.internal.ssl.AppInputStream.read(AppInputStream.java:75)
	- locked <0x08e3e4a8> (a com.sun.net.ssl.internal.ssl.AppInputStream)
	at org.apache.coyote.http11.InternalInputBuffer.fill(InternalInputBuffer.java:721)
	at org.apache.coyote.http11.InternalInputBuffer.parseRequestLine(InternalInputBuffer.java:359)
	at org.apache.coyote.http11.Http11Processor.process(Http11Processor.java:821)
	at org.apache.coyote.http11.Http11Protocol$Http11ConnectionHandler.process(Http11Protocol.java:653)
	at org.apache.tomcat.util.net.JIoEndpoint$Worker.run(JIoEndpoint.java:920)
	at java.lang.Thread.run(Thread.java:662)

   Locked ownable synchronizers:
	- None

"http-/127.0.0.1:8443-3" daemon prio=6 tid=0x55216400 nid=0x2e80 in Object.wait() [0x55e6f000]
   java.lang.Thread.State: WAITING (on object monitor)
	at java.lang.Object.wait(Native Method)
	- waiting on <0x21ee4f80> (a org.apache.tomcat.util.net.JIoEndpoint$Worker)
	at java.lang.Object.wait(Object.java:485)
	at org.apache.tomcat.util.net.JIoEndpoint$Worker.await(JIoEndpoint.java:875)
	- locked <0x21ee4f80> (a org.apache.tomcat.util.net.JIoEndpoint$Worker)
	at org.apache.tomcat.util.net.JIoEndpoint$Worker.run(JIoEndpoint.java:901)
	at java.lang.Thread.run(Thread.java:662)

   Locked ownable synchronizers:
	- None

"HostAccessServiceManager lookup monitor thread" daemon prio=6 tid=0x55214000 nid=0x1058 waiting on condition [0x55ddf000]
   java.lang.Thread.State: TIMED_WAITING (sleeping)
	at java.lang.Thread.sleep(Native Method)
	at com.datalex.has.core.HostAccessServiceManager$LookupMonitorThread.run(HostAccessServiceManager.java:160)

   Locked ownable synchronizers:
	- None

"RMI RenewClean-[10.27.28.84:40349]" daemon prio=6 tid=0x55216800 nid=0x2334 in Object.wait() [0x55d4f000]
   java.lang.Thread.State: TIMED_WAITING (on object monitor)
	at java.lang.Object.wait(Native Method)
	- waiting on <0x21edf428> (a java.lang.ref.ReferenceQueue$Lock)
	at java.lang.ref.ReferenceQueue.remove(ReferenceQueue.java:118)
	- locked <0x21edf428> (a java.lang.ref.ReferenceQueue$Lock)
	at sun.rmi.transport.DGCClient$EndpointEntry$RenewCleanThread.run(DGCClient.java:516)
	at java.lang.Thread.run(Thread.java:662)

   Locked ownable synchronizers:
	- None

"RMI Scheduler(0)" daemon prio=6 tid=0x55217000 nid=0x3758 waiting on condition [0x55cbf000]
   java.lang.Thread.State: TIMED_WAITING (parking)
	at sun.misc.Unsafe.park(Native Method)
	- parking to wait for  <0x21ed8c20> (a java.util.concurrent.locks.AbstractQueuedSynchronizer$ConditionObject)
	at java.util.concurrent.locks.LockSupport.parkNanos(LockSupport.java:196)
	at java.util.concurrent.locks.AbstractQueuedSynchronizer$ConditionObject.awaitNanos(AbstractQueuedSynchronizer.java:2025)
	at java.util.concurrent.DelayQueue.take(DelayQueue.java:164)
	at java.util.concurrent.ScheduledThreadPoolExecutor$DelayedWorkQueue.take(ScheduledThreadPoolExecutor.java:609)
	at java.util.concurrent.ScheduledThreadPoolExecutor$DelayedWorkQueue.take(ScheduledThreadPoolExecutor.java:602)
	at java.util.concurrent.ThreadPoolExecutor.getTask(ThreadPoolExecutor.java:947)
	at java.util.concurrent.ThreadPoolExecutor$Worker.run(ThreadPoolExecutor.java:907)
	at java.lang.Thread.run(Thread.java:662)

   Locked ownable synchronizers:
	- None

"RMI RenewClean-[10.27.28.84:10007]" daemon prio=6 tid=0x55215800 nid=0x164c in Object.wait() [0x55c2f000]
   java.lang.Thread.State: TIMED_WAITING (on object monitor)
	at java.lang.Object.wait(Native Method)
	- waiting on <0x21ede4c8> (a java.lang.ref.ReferenceQueue$Lock)
	at java.lang.ref.ReferenceQueue.remove(ReferenceQueue.java:118)
	- locked <0x21ede4c8> (a java.lang.ref.ReferenceQueue$Lock)
	at sun.rmi.transport.DGCClient$EndpointEntry$RenewCleanThread.run(DGCClient.java:516)
	at java.lang.Thread.run(Thread.java:662)

   Locked ownable synchronizers:
	- None

"GC Daemon" daemon prio=2 tid=0x55210000 nid=0x34e4 in Object.wait() [0x55b9f000]
   java.lang.Thread.State: TIMED_WAITING (on object monitor)
	at java.lang.Object.wait(Native Method)
	- waiting on <0x21ed9328> (a sun.misc.GC$LatencyLock)
	at sun.misc.GC$Daemon.run(GC.java:100)
	- locked <0x21ed9328> (a sun.misc.GC$LatencyLock)

   Locked ownable synchronizers:
	- None

"RMI Reaper" prio=6 tid=0x55212c00 nid=0x12c0 in Object.wait() [0x55b0f000]
   java.lang.Thread.State: WAITING (on object monitor)
	at java.lang.Object.wait(Native Method)
	- waiting on <0x21ed83c0> (a java.lang.ref.ReferenceQueue$Lock)
	at java.lang.ref.ReferenceQueue.remove(ReferenceQueue.java:118)
	- locked <0x21ed83c0> (a java.lang.ref.ReferenceQueue$Lock)
	at java.lang.ref.ReferenceQueue.remove(ReferenceQueue.java:134)
	at sun.rmi.transport.ObjectTable$Reaper.run(ObjectTable.java:333)
	at java.lang.Thread.run(Thread.java:662)

   Locked ownable synchronizers:
	- None

"RMI TCP Accept-0" daemon prio=6 tid=0x55214400 nid=0xce4 runnable [0x55a7f000]
   java.lang.Thread.State: RUNNABLE
	at java.net.PlainSocketImpl.socketAccept(Native Method)
	at java.net.PlainSocketImpl.accept(PlainSocketImpl.java:408)
	- locked <0x21ed8518> (a java.net.SocksSocketImpl)
	at java.net.ServerSocket.implAccept(ServerSocket.java:462)
	at java.net.ServerSocket.accept(ServerSocket.java:430)
	at sun.rmi.transport.tcp.TCPTransport$AcceptLoop.executeAcceptLoop(TCPTransport.java:369)
	at sun.rmi.transport.tcp.TCPTransport$AcceptLoop.run(TCPTransport.java:341)
	at java.lang.Thread.run(Thread.java:662)

   Locked ownable synchronizers:
	- None

"http-/127.0.0.1:8443-2" daemon prio=6 tid=0x55215c00 nid=0x2570 runnable [0x559ef000]
   java.lang.Thread.State: RUNNABLE
	at java.net.SocketInputStream.socketRead0(Native Method)
	at java.net.SocketInputStream.read(SocketInputStream.java:129)
	at com.sun.net.ssl.internal.ssl.InputRecord.readFully(InputRecord.java:293)
	at com.sun.net.ssl.internal.ssl.InputRecord.read(InputRecord.java:331)
	at com.sun.net.ssl.internal.ssl.SSLSocketImpl.readRecord(SSLSocketImpl.java:863)
	- locked <0x094695e0> (a java.lang.Object)
	at com.sun.net.ssl.internal.ssl.SSLSocketImpl.readDataRecord(SSLSocketImpl.java:820)
	at com.sun.net.ssl.internal.ssl.AppInputStream.read(AppInputStream.java:75)
	- locked <0x09469688> (a com.sun.net.ssl.internal.ssl.AppInputStream)
	at org.apache.coyote.http11.InternalInputBuffer.fill(InternalInputBuffer.java:721)
	at org.apache.coyote.http11.InternalInputBuffer.parseRequestLine(InternalInputBuffer.java:359)
	at org.apache.coyote.http11.Http11Processor.process(Http11Processor.java:821)
	at org.apache.coyote.http11.Http11Protocol$Http11ConnectionHandler.process(Http11Protocol.java:653)
	at org.apache.tomcat.util.net.JIoEndpoint$Worker.run(JIoEndpoint.java:920)
	at java.lang.Thread.run(Thread.java:662)

   Locked ownable synchronizers:
	- None

"http-/127.0.0.1:8443-1" daemon prio=6 tid=0x55217800 nid=0x290c in Object.wait() [0x5595f000]
   java.lang.Thread.State: WAITING (on object monitor)
	at java.lang.Object.wait(Native Method)
	- waiting on <0x21d0f9a8> (a org.apache.tomcat.util.net.JIoEndpoint$Worker)
	at java.lang.Object.wait(Object.java:485)
	at org.apache.tomcat.util.net.JIoEndpoint$Worker.await(JIoEndpoint.java:875)
	- locked <0x21d0f9a8> (a org.apache.tomcat.util.net.JIoEndpoint$Worker)
	at org.apache.tomcat.util.net.JIoEndpoint$Worker.run(JIoEndpoint.java:901)
	at java.lang.Thread.run(Thread.java:662)

   Locked ownable synchronizers:
	- None

"MongoCleaner16181799" daemon prio=6 tid=0x56c84c00 nid=0x1180 waiting on condition [0x5c06f000]
   java.lang.Thread.State: TIMED_WAITING (sleeping)
	at java.lang.Thread.sleep(Native Method)
	at com.mongodb.Mongo$CursorCleanerThread.run(Mongo.java:796)

   Locked ownable synchronizers:
	- None

"cluster-2-10.156.53.241:27017" daemon prio=6 tid=0x56c84400 nid=0x3634 runnable [0x5bfdf000]
   java.lang.Thread.State: RUNNABLE
	at java.net.PlainSocketImpl.socketConnect(Native Method)
	at java.net.PlainSocketImpl.doConnect(PlainSocketImpl.java:351)
	- locked <0x11f9eea8> (a java.net.SocksSocketImpl)
	at java.net.PlainSocketImpl.connectToAddress(PlainSocketImpl.java:213)
	at java.net.PlainSocketImpl.connect(PlainSocketImpl.java:200)
	at java.net.SocksSocketImpl.connect(SocksSocketImpl.java:366)
	at java.net.Socket.connect(Socket.java:529)
	at com.mongodb.DBPort.ensureOpen(DBPort.java:287)
	- locked <0x0f1d4b88> (a com.mongodb.DBPort)
	at com.mongodb.DBPort.<init>(DBPort.java:113)
	at com.mongodb.DBPort.<init>(DBPort.java:100)
	at com.mongodb.ServerMonitor$ServerMonitorRunnable.run(ServerMonitor.java:88)
	at java.lang.Thread.run(Thread.java:662)

   Locked ownable synchronizers:
	- None

"Thread-82" daemon prio=6 tid=0x58bdf400 nid=0x2c38 runnable [0x5bebf000]
   java.lang.Thread.State: RUNNABLE
	at java.net.PlainSocketImpl.socketAccept(Native Method)
	at java.net.PlainSocketImpl.accept(PlainSocketImpl.java:408)
	- locked <0x1c610c68> (a java.net.SocksSocketImpl)
	at java.net.ServerSocket.implAccept(ServerSocket.java:462)
	at java.net.ServerSocket.accept(ServerSocket.java:430)
	at com.datalex.jbookit.beans.lookup.EILanguageLookupBean$1SocketListener.run(EILanguageLookupBean.java:6698)

   Locked ownable synchronizers:
	- None

"FileWatchdog" daemon prio=6 tid=0x58bdc000 nid=0x1e70 waiting on condition [0x5be2f000]
   java.lang.Thread.State: TIMED_WAITING (sleeping)
	at java.lang.Thread.sleep(Native Method)
	at org.apache.log4j.helpers.FileWatchdog.run(FileWatchdog.java:104)

   Locked ownable synchronizers:
	- None

"MongoCleaner32815986" daemon prio=6 tid=0x58bdd400 nid=0x178 waiting on condition [0x5bc7f000]
   java.lang.Thread.State: TIMED_WAITING (sleeping)
	at java.lang.Thread.sleep(Native Method)
	at com.mongodb.Mongo$CursorCleanerThread.run(Mongo.java:796)

   Locked ownable synchronizers:
	- None

"cluster-1-10.156.53.241:27017" daemon prio=6 tid=0x58bdc800 nid=0x30bc runnable [0x5888f000]
   java.lang.Thread.State: RUNNABLE
	at java.net.PlainSocketImpl.socketConnect(Native Method)
	at java.net.PlainSocketImpl.doConnect(PlainSocketImpl.java:351)
	- locked <0x11f92278> (a java.net.SocksSocketImpl)
	at java.net.PlainSocketImpl.connectToAddress(PlainSocketImpl.java:213)
	at java.net.PlainSocketImpl.connect(PlainSocketImpl.java:200)
	at java.net.SocksSocketImpl.connect(SocksSocketImpl.java:366)
	at java.net.Socket.connect(Socket.java:529)
	at com.mongodb.DBPort.ensureOpen(DBPort.java:287)
	- locked <0x0f1d42f8> (a com.mongodb.DBPort)
	at com.mongodb.DBPort.<init>(DBPort.java:113)
	at com.mongodb.DBPort.<init>(DBPort.java:100)
	at com.mongodb.ServerMonitor$ServerMonitorRunnable.run(ServerMonitor.java:88)
	at java.lang.Thread.run(Thread.java:662)

   Locked ownable synchronizers:
	- None

"Thread-63" prio=6 tid=0x56c87000 nid=0x2c14 runnable [0x59b2f000]
   java.lang.Thread.State: RUNNABLE
	at sun.nio.ch.WindowsSelectorImpl$SubSelector.poll0(Native Method)
	at sun.nio.ch.WindowsSelectorImpl$SubSelector.poll(WindowsSelectorImpl.java:273)
	at sun.nio.ch.WindowsSelectorImpl$SubSelector.access$400(WindowsSelectorImpl.java:255)
	at sun.nio.ch.WindowsSelectorImpl.doSelect(WindowsSelectorImpl.java:136)
	at sun.nio.ch.SelectorImpl.lockAndDoSelect(SelectorImpl.java:69)
	- locked <0x1a448108> (a sun.nio.ch.Util$2)
	- locked <0x1a448118> (a java.util.Collections$UnmodifiableSet)
	- locked <0x1a448090> (a sun.nio.ch.WindowsSelectorImpl)
	at sun.nio.ch.SelectorImpl.select(SelectorImpl.java:80)
	at org.jboss.sun.net.httpserver.ServerImpl$Dispatcher.run(ServerImpl.java:382)
	at java.lang.Thread.run(Thread.java:662)

   Locked ownable synchronizers:
	- None

"server-timer" daemon prio=6 tid=0x56c86c00 nid=0x1bb0 in Object.wait() [0x59a9f000]
   java.lang.Thread.State: TIMED_WAITING (on object monitor)
	at java.lang.Object.wait(Native Method)
	- waiting on <0x1a448138> (a java.util.TaskQueue)
	at java.util.TimerThread.mainLoop(Timer.java:509)
	- locked <0x1a448138> (a java.util.TaskQueue)
	at java.util.TimerThread.run(Timer.java:462)

   Locked ownable synchronizers:
	- None

"http-/127.0.0.1:8443-Acceptor-0" daemon prio=6 tid=0x56c86000 nid=0x2e9c runnable [0x59a0f000]
   java.lang.Thread.State: RUNNABLE
	at java.net.PlainSocketImpl.socketAccept(Native Method)
	at java.net.PlainSocketImpl.accept(PlainSocketImpl.java:408)
	- locked <0x1a2bcbd0> (a java.net.SocksSocketImpl)
	at java.net.ServerSocket.implAccept(ServerSocket.java:462)
	at com.sun.net.ssl.internal.ssl.SSLServerSocketImpl.accept(SSLServerSocketImpl.java:261)
	at org.apache.tomcat.util.net.jsse.JSSESocketFactory.acceptSocket(JSSESocketFactory.java:174)
	at org.apache.tomcat.util.net.JIoEndpoint$Acceptor.run(JIoEndpoint.java:309)
	at java.lang.Thread.run(Thread.java:662)

   Locked ownable synchronizers:
	- None

"http-/127.0.0.1:8443-Poller" daemon prio=6 tid=0x56c85800 nid=0x2ec8 in Object.wait() [0x5997f000]
   java.lang.Thread.State: TIMED_WAITING (on object monitor)
	at java.lang.Object.wait(Native Method)
	- waiting on <0x1a2bed08> (a org.apache.tomcat.util.net.JIoEndpoint$Poller)
	at org.apache.tomcat.util.net.JIoEndpoint$Poller.run(JIoEndpoint.java:732)
	- locked <0x1a2bed08> (a org.apache.tomcat.util.net.JIoEndpoint$Poller)
	at java.lang.Thread.run(Thread.java:662)

   Locked ownable synchronizers:
	- None

"Timer-0" prio=6 tid=0x56c85400 nid=0x34b4 in Object.wait() [0x5891f000]
   java.lang.Thread.State: WAITING (on object monitor)
	at java.lang.Object.wait(Native Method)
	- waiting on <0x1a286160> (a java.util.TaskQueue)
	at java.lang.Object.wait(Object.java:485)
	at java.util.TimerThread.mainLoop(Timer.java:483)
	- locked <0x1a286160> (a java.util.TaskQueue)
	at java.util.TimerThread.run(Timer.java:462)

   Locked ownable synchronizers:
	- None

"http-/127.0.0.1:8080-Acceptor-0" daemon prio=6 tid=0x56c84000 nid=0x35b4 runnable [0x5876f000]
   java.lang.Thread.State: RUNNABLE
	at java.net.PlainSocketImpl.socketAccept(Native Method)
	at java.net.PlainSocketImpl.accept(PlainSocketImpl.java:408)
	- locked <0x19f20c70> (a java.net.SocksSocketImpl)
	at java.net.ServerSocket.implAccept(ServerSocket.java:462)
	at java.net.ServerSocket.accept(ServerSocket.java:430)
	at org.apache.tomcat.util.net.DefaultServerSocketFactory.acceptSocket(DefaultServerSocketFactory.java:61)
	at org.apache.tomcat.util.net.JIoEndpoint$Acceptor.run(JIoEndpoint.java:309)
	at java.lang.Thread.run(Thread.java:662)

   Locked ownable synchronizers:
	- None

"http-/127.0.0.1:8080-Poller" daemon prio=6 tid=0x56b96800 nid=0x2b64 in Object.wait() [0x586df000]
   java.lang.Thread.State: TIMED_WAITING (on object monitor)
	at java.lang.Object.wait(Native Method)
	- waiting on <0x1a0c8a58> (a org.apache.tomcat.util.net.JIoEndpoint$Poller)
	at org.apache.tomcat.util.net.JIoEndpoint$Poller.run(JIoEndpoint.java:732)
	- locked <0x1a0c8a58> (a org.apache.tomcat.util.net.JIoEndpoint$Poller)
	at java.lang.Thread.run(Thread.java:662)

   Locked ownable synchronizers:
	- None

"ContainerBackgroundProcessor[StandardEngine[jboss.web]]" daemon prio=6 tid=0x56b96400 nid=0x2dc8 waiting on condition [0x5864f000]
   java.lang.Thread.State: TIMED_WAITING (sleeping)
	at java.lang.Thread.sleep(Native Method)
	at org.apache.catalina.core.ContainerBase$ContainerBackgroundProcessor.run(ContainerBase.java:1563)
	at java.lang.Thread.run(Thread.java:662)

   Locked ownable synchronizers:
	- None

"Transaction Reaper Worker 0" daemon prio=6 tid=0x56b95c00 nid=0x2868 in Object.wait() [0x585bf000]
   java.lang.Thread.State: WAITING (on object monitor)
	at java.lang.Object.wait(Native Method)
	- waiting on <0x19e142d8> (a java.util.LinkedList)
	at java.lang.Object.wait(Object.java:485)
	at com.arjuna.ats.arjuna.coordinator.TransactionReaper.waitForCancellations(TransactionReaper.java:321)
	- locked <0x19e142d8> (a java.util.LinkedList)
	at com.arjuna.ats.internal.arjuna.coordinator.ReaperWorkerThread.run(ReaperWorkerThread.java:65)

   Locked ownable synchronizers:
	- None

"Transaction Reaper" daemon prio=6 tid=0x56b95400 nid=0x20d8 in Object.wait() [0x5852f000]
   java.lang.Thread.State: TIMED_WAITING (on object monitor)
	at java.lang.Object.wait(Native Method)
	- waiting on <0x19e137d0> (a com.arjuna.ats.arjuna.coordinator.TransactionReaper)
	at com.arjuna.ats.internal.arjuna.coordinator.ReaperThread.run(ReaperThread.java:90)
	- locked <0x19e137d0> (a com.arjuna.ats.arjuna.coordinator.TransactionReaper)

   Locked ownable synchronizers:
	- None

"Periodic Recovery" prio=6 tid=0x56b95000 nid=0x600 in Object.wait() [0x5849f000]
   java.lang.Thread.State: TIMED_WAITING (on object monitor)
	at java.lang.Object.wait(Native Method)
	- waiting on <0x19d118f0> (a java.lang.Object)
	at com.arjuna.ats.internal.arjuna.recovery.PeriodicRecovery.doPeriodicWait(PeriodicRecovery.java:672)
	at com.arjuna.ats.internal.arjuna.recovery.PeriodicRecovery.run(PeriodicRecovery.java:392)
	- locked <0x19d118f0> (a java.lang.Object)

   Locked ownable synchronizers:
	- None

"Transaction Expired Entry Monitor" daemon prio=6 tid=0x56b94800 nid=0x1f20 in Object.wait() [0x5840f000]
   java.lang.Thread.State: TIMED_WAITING (on object monitor)
	at java.lang.Object.wait(Native Method)
	- waiting on <0x19cf48c0> (a com.arjuna.ats.internal.arjuna.recovery.ExpiredEntryMonitor)
	at com.arjuna.ats.internal.arjuna.recovery.ExpiredEntryMonitor.run(ExpiredEntryMonitor.java:190)
	- locked <0x19cf48c0> (a com.arjuna.ats.internal.arjuna.recovery.ExpiredEntryMonitor)

   Locked ownable synchronizers:
	- None

"IdleRemover" daemon prio=6 tid=0x56b94400 nid=0x32d4 waiting on condition [0x5837f000]
   java.lang.Thread.State: TIMED_WAITING (parking)
	at sun.misc.Unsafe.park(Native Method)
	- parking to wait for  <0x19cf4a40> (a java.util.concurrent.locks.AbstractQueuedSynchronizer$ConditionObject)
	at java.util.concurrent.locks.LockSupport.parkNanos(LockSupport.java:196)
	at java.util.concurrent.locks.AbstractQueuedSynchronizer$ConditionObject.await(AbstractQueuedSynchronizer.java:2116)
	at org.jboss.jca.core.connectionmanager.pool.idle.IdleRemover$IdleRemoverRunner.run(IdleRemover.java:261)
	at java.util.concurrent.ThreadPoolExecutor$Worker.runTask(ThreadPoolExecutor.java:886)
	at java.util.concurrent.ThreadPoolExecutor$Worker.run(ThreadPoolExecutor.java:908)
	at java.lang.Thread.run(Thread.java:662)

   Locked ownable synchronizers:
	- <0x19d102a8> (a java.util.concurrent.locks.ReentrantLock$NonfairSync)

"ConnectionValidator" daemon prio=6 tid=0x56b93c00 nid=0x1704 waiting on condition [0x582ef000]
   java.lang.Thread.State: TIMED_WAITING (parking)
	at sun.misc.Unsafe.park(Native Method)
	- parking to wait for  <0x19cf4ab8> (a java.util.concurrent.locks.AbstractQueuedSynchronizer$ConditionObject)
	at java.util.concurrent.locks.LockSupport.parkNanos(LockSupport.java:196)
	at java.util.concurrent.locks.AbstractQueuedSynchronizer$ConditionObject.await(AbstractQueuedSynchronizer.java:2116)
	at org.jboss.jca.core.connectionmanager.pool.validator.ConnectionValidator$ConnectionValidatorRunner.run(ConnectionValidator.java:263)
	at java.util.concurrent.ThreadPoolExecutor$Worker.runTask(ThreadPoolExecutor.java:886)
	at java.util.concurrent.ThreadPoolExecutor$Worker.run(ThreadPoolExecutor.java:908)
	at java.lang.Thread.run(Thread.java:662)

   Locked ownable synchronizers:
	- <0x19d10320> (a java.util.concurrent.locks.ReentrantLock$NonfairSync)

"Remoting "epam-dev7" write-1" prio=6 tid=0x56b93800 nid=0x2fb0 runnable [0x5825f000]
   java.lang.Thread.State: RUNNABLE
	at sun.nio.ch.WindowsSelectorImpl$SubSelector.poll0(Native Method)
	at sun.nio.ch.WindowsSelectorImpl$SubSelector.poll(WindowsSelectorImpl.java:273)
	at sun.nio.ch.WindowsSelectorImpl$SubSelector.access$400(WindowsSelectorImpl.java:255)
	at sun.nio.ch.WindowsSelectorImpl.doSelect(WindowsSelectorImpl.java:136)
	at sun.nio.ch.SelectorImpl.lockAndDoSelect(SelectorImpl.java:69)
	- locked <0x19cdc130> (a sun.nio.ch.Util$2)
	- locked <0x19cdc120> (a java.util.Collections$UnmodifiableSet)
	- locked <0x19cdbf00> (a sun.nio.ch.WindowsSelectorImpl)
	at sun.nio.ch.SelectorImpl.select(SelectorImpl.java:80)
	at sun.nio.ch.SelectorImpl.select(SelectorImpl.java:84)
	at org.xnio.nio.WorkerThread.run(WorkerThread.java:153)

   Locked ownable synchronizers:
	- None

"Remoting "epam-dev7" read-1" prio=6 tid=0x56b93000 nid=0x2e30 runnable [0x581cf000]
   java.lang.Thread.State: RUNNABLE
	at sun.nio.ch.WindowsSelectorImpl$SubSelector.poll0(Native Method)
	at sun.nio.ch.WindowsSelectorImpl$SubSelector.poll(WindowsSelectorImpl.java:273)
	at sun.nio.ch.WindowsSelectorImpl$SubSelector.access$400(WindowsSelectorImpl.java:255)
	at sun.nio.ch.WindowsSelectorImpl.doSelect(WindowsSelectorImpl.java:136)
	at sun.nio.ch.SelectorImpl.lockAndDoSelect(SelectorImpl.java:69)
	- locked <0x19cd8748> (a sun.nio.ch.Util$2)
	- locked <0x19cd8738> (a java.util.Collections$UnmodifiableSet)
	- locked <0x19cd8518> (a sun.nio.ch.WindowsSelectorImpl)
	at sun.nio.ch.SelectorImpl.select(SelectorImpl.java:80)
	at sun.nio.ch.SelectorImpl.select(SelectorImpl.java:84)
	at org.xnio.nio.WorkerThread.run(WorkerThread.java:153)

   Locked ownable synchronizers:
	- None

"Remoting "epam-dev7:MANAGEMENT" write-1" prio=6 tid=0x55212400 nid=0x3088 runnable [0x5744f000]
   java.lang.Thread.State: RUNNABLE
	at sun.nio.ch.WindowsSelectorImpl$SubSelector.poll0(Native Method)
	at sun.nio.ch.WindowsSelectorImpl$SubSelector.poll(WindowsSelectorImpl.java:273)
	at sun.nio.ch.WindowsSelectorImpl$SubSelector.access$400(WindowsSelectorImpl.java:255)
	at sun.nio.ch.WindowsSelectorImpl.doSelect(WindowsSelectorImpl.java:136)
	at sun.nio.ch.SelectorImpl.lockAndDoSelect(SelectorImpl.java:69)
	- locked <0x19cd06a0> (a sun.nio.ch.Util$2)
	- locked <0x19cd0690> (a java.util.Collections$UnmodifiableSet)
	- locked <0x19cd0470> (a sun.nio.ch.WindowsSelectorImpl)
	at sun.nio.ch.SelectorImpl.select(SelectorImpl.java:80)
	at sun.nio.ch.SelectorImpl.select(SelectorImpl.java:84)
	at org.xnio.nio.WorkerThread.run(WorkerThread.java:153)

   Locked ownable synchronizers:
	- None

"Remoting "epam-dev7:MANAGEMENT" read-1" prio=6 tid=0x55212000 nid=0x34a0 runnable [0x573bf000]
   java.lang.Thread.State: RUNNABLE
	at sun.nio.ch.WindowsSelectorImpl$SubSelector.poll0(Native Method)
	at sun.nio.ch.WindowsSelectorImpl$SubSelector.poll(WindowsSelectorImpl.java:273)
	at sun.nio.ch.WindowsSelectorImpl$SubSelector.access$400(WindowsSelectorImpl.java:255)
	at sun.nio.ch.WindowsSelectorImpl.doSelect(WindowsSelectorImpl.java:136)
	at sun.nio.ch.SelectorImpl.lockAndDoSelect(SelectorImpl.java:69)
	- locked <0x19cccc50> (a sun.nio.ch.Util$2)
	- locked <0x19cccc40> (a java.util.Collections$UnmodifiableSet)
	- locked <0x19ccca20> (a sun.nio.ch.WindowsSelectorImpl)
	at sun.nio.ch.SelectorImpl.select(SelectorImpl.java:80)
	at sun.nio.ch.SelectorImpl.select(SelectorImpl.java:84)
	at org.xnio.nio.WorkerThread.run(WorkerThread.java:153)

   Locked ownable synchronizers:
	- None

"DeploymentScanner-threads - 2" prio=6 tid=0x55211800 nid=0x3520 waiting on condition [0x572ef000]
   java.lang.Thread.State: TIMED_WAITING (parking)
	at sun.misc.Unsafe.park(Native Method)
	- parking to wait for  <0x19c8c250> (a java.util.concurrent.locks.AbstractQueuedSynchronizer$ConditionObject)
	at java.util.concurrent.locks.LockSupport.parkNanos(LockSupport.java:196)
	at java.util.concurrent.locks.AbstractQueuedSynchronizer$ConditionObject.awaitNanos(AbstractQueuedSynchronizer.java:2025)
	at java.util.concurrent.DelayQueue.take(DelayQueue.java:164)
	at java.util.concurrent.ScheduledThreadPoolExecutor$DelayedWorkQueue.take(ScheduledThreadPoolExecutor.java:609)
	at java.util.concurrent.ScheduledThreadPoolExecutor$DelayedWorkQueue.take(ScheduledThreadPoolExecutor.java:602)
	at java.util.concurrent.ThreadPoolExecutor.getTask(ThreadPoolExecutor.java:947)
	at java.util.concurrent.ThreadPoolExecutor$Worker.run(ThreadPoolExecutor.java:907)
	at java.lang.Thread.run(Thread.java:662)
	at org.jboss.threads.JBossThread.run(JBossThread.java:122)

   Locked ownable synchronizers:
	- None

"DeploymentScanner-threads - 1" prio=6 tid=0x55211400 nid=0x31cc waiting on condition [0x5725f000]
   java.lang.Thread.State: TIMED_WAITING (parking)
	at sun.misc.Unsafe.park(Native Method)
	- parking to wait for  <0x19c8c250> (a java.util.concurrent.locks.AbstractQueuedSynchronizer$ConditionObject)
	at java.util.concurrent.locks.LockSupport.parkNanos(LockSupport.java:196)
	at java.util.concurrent.locks.AbstractQueuedSynchronizer$ConditionObject.awaitNanos(AbstractQueuedSynchronizer.java:2025)
	at java.util.concurrent.DelayQueue.take(DelayQueue.java:164)
	at java.util.concurrent.ScheduledThreadPoolExecutor$DelayedWorkQueue.take(ScheduledThreadPoolExecutor.java:609)
	at java.util.concurrent.ScheduledThreadPoolExecutor$DelayedWorkQueue.take(ScheduledThreadPoolExecutor.java:602)
	at java.util.concurrent.ThreadPoolExecutor.getTask(ThreadPoolExecutor.java:947)
	at java.util.concurrent.ThreadPoolExecutor$Worker.run(ThreadPoolExecutor.java:907)
	at java.lang.Thread.run(Thread.java:662)
	at org.jboss.threads.JBossThread.run(JBossThread.java:122)

   Locked ownable synchronizers:
	- None

"DestroyJavaVM" prio=6 tid=0x001eb000 nid=0x21e4 waiting on condition [0x00000000]
   java.lang.Thread.State: RUNNABLE

   Locked ownable synchronizers:
	- None

"MSC service thread 1-8" prio=6 tid=0x55042000 nid=0x3164 waiting on condition [0x558cf000]
   java.lang.Thread.State: WAITING (parking)
	at sun.misc.Unsafe.park(Native Method)
	- parking to wait for  <0x19826a80> (a java.util.concurrent.locks.AbstractQueuedSynchronizer$ConditionObject)
	at java.util.concurrent.locks.LockSupport.park(LockSupport.java:156)
	at java.util.concurrent.locks.AbstractQueuedSynchronizer$ConditionObject.await(AbstractQueuedSynchronizer.java:1987)
	at java.util.concurrent.LinkedBlockingQueue.take(LinkedBlockingQueue.java:399)
	at java.util.concurrent.ThreadPoolExecutor.getTask(ThreadPoolExecutor.java:947)
	at java.util.concurrent.ThreadPoolExecutor$Worker.run(ThreadPoolExecutor.java:907)
	at java.lang.Thread.run(Thread.java:662)

   Locked ownable synchronizers:
	- None

"MSC service thread 1-7" prio=6 tid=0x55043800 nid=0x31a4 waiting on condition [0x5583f000]
   java.lang.Thread.State: WAITING (parking)
	at sun.misc.Unsafe.park(Native Method)
	- parking to wait for  <0x19826a80> (a java.util.concurrent.locks.AbstractQueuedSynchronizer$ConditionObject)
	at java.util.concurrent.locks.LockSupport.park(LockSupport.java:156)
	at java.util.concurrent.locks.AbstractQueuedSynchronizer$ConditionObject.await(AbstractQueuedSynchronizer.java:1987)
	at java.util.concurrent.LinkedBlockingQueue.take(LinkedBlockingQueue.java:399)
	at java.util.concurrent.ThreadPoolExecutor.getTask(ThreadPoolExecutor.java:947)
	at java.util.concurrent.ThreadPoolExecutor$Worker.run(ThreadPoolExecutor.java:907)
	at java.lang.Thread.run(Thread.java:662)

   Locked ownable synchronizers:
	- None

"MSC service thread 1-6" prio=6 tid=0x55042800 nid=0x1898 waiting on condition [0x557af000]
   java.lang.Thread.State: WAITING (parking)
	at sun.misc.Unsafe.park(Native Method)
	- parking to wait for  <0x19826a80> (a java.util.concurrent.locks.AbstractQueuedSynchronizer$ConditionObject)
	at java.util.concurrent.locks.LockSupport.park(LockSupport.java:156)
	at java.util.concurrent.locks.AbstractQueuedSynchronizer$ConditionObject.await(AbstractQueuedSynchronizer.java:1987)
	at java.util.concurrent.LinkedBlockingQueue.take(LinkedBlockingQueue.java:399)
	at java.util.concurrent.ThreadPoolExecutor.getTask(ThreadPoolExecutor.java:947)
	at java.util.concurrent.ThreadPoolExecutor$Worker.run(ThreadPoolExecutor.java:907)
	at java.lang.Thread.run(Thread.java:662)

   Locked ownable synchronizers:
	- None

"MSC service thread 1-5" prio=6 tid=0x55041000 nid=0x1a84 waiting on condition [0x5561f000]
   java.lang.Thread.State: WAITING (parking)
	at sun.misc.Unsafe.park(Native Method)
	- parking to wait for  <0x19826a80> (a java.util.concurrent.locks.AbstractQueuedSynchronizer$ConditionObject)
	at java.util.concurrent.locks.LockSupport.park(LockSupport.java:156)
	at java.util.concurrent.locks.AbstractQueuedSynchronizer$ConditionObject.await(AbstractQueuedSynchronizer.java:1987)
	at java.util.concurrent.LinkedBlockingQueue.take(LinkedBlockingQueue.java:399)
	at java.util.concurrent.ThreadPoolExecutor.getTask(ThreadPoolExecutor.java:947)
	at java.util.concurrent.ThreadPoolExecutor$Worker.run(ThreadPoolExecutor.java:907)
	at java.lang.Thread.run(Thread.java:662)

   Locked ownable synchronizers:
	- None

"MSC service thread 1-4" prio=6 tid=0x5505f800 nid=0x11a0 waiting on condition [0x5558f000]
   java.lang.Thread.State: WAITING (parking)
	at sun.misc.Unsafe.park(Native Method)
	- parking to wait for  <0x19826a80> (a java.util.concurrent.locks.AbstractQueuedSynchronizer$ConditionObject)
	at java.util.concurrent.locks.LockSupport.park(LockSupport.java:156)
	at java.util.concurrent.locks.AbstractQueuedSynchronizer$ConditionObject.await(AbstractQueuedSynchronizer.java:1987)
	at java.util.concurrent.LinkedBlockingQueue.take(LinkedBlockingQueue.java:399)
	at java.util.concurrent.ThreadPoolExecutor.getTask(ThreadPoolExecutor.java:947)
	at java.util.concurrent.ThreadPoolExecutor$Worker.run(ThreadPoolExecutor.java:907)
	at java.lang.Thread.run(Thread.java:662)

   Locked ownable synchronizers:
	- None

"MSC service thread 1-3" prio=6 tid=0x5505f400 nid=0x3594 waiting on condition [0x554ff000]
   java.lang.Thread.State: WAITING (parking)
	at sun.misc.Unsafe.park(Native Method)
	- parking to wait for  <0x19826a80> (a java.util.concurrent.locks.AbstractQueuedSynchronizer$ConditionObject)
	at java.util.concurrent.locks.LockSupport.park(LockSupport.java:156)
	at java.util.concurrent.locks.AbstractQueuedSynchronizer$ConditionObject.await(AbstractQueuedSynchronizer.java:1987)
	at java.util.concurrent.LinkedBlockingQueue.take(LinkedBlockingQueue.java:399)
	at java.util.concurrent.ThreadPoolExecutor.getTask(ThreadPoolExecutor.java:947)
	at java.util.concurrent.ThreadPoolExecutor$Worker.run(ThreadPoolExecutor.java:907)
	at java.lang.Thread.run(Thread.java:662)

   Locked ownable synchronizers:
	- None

"MSC service thread 1-2" prio=6 tid=0x54f80000 nid=0x1af0 waiting on condition [0x5546f000]
   java.lang.Thread.State: WAITING (parking)
	at sun.misc.Unsafe.park(Native Method)
	- parking to wait for  <0x19826a80> (a java.util.concurrent.locks.AbstractQueuedSynchronizer$ConditionObject)
	at java.util.concurrent.locks.LockSupport.park(LockSupport.java:156)
	at java.util.concurrent.locks.AbstractQueuedSynchronizer$ConditionObject.await(AbstractQueuedSynchronizer.java:1987)
	at java.util.concurrent.LinkedBlockingQueue.take(LinkedBlockingQueue.java:399)
	at java.util.concurrent.ThreadPoolExecutor.getTask(ThreadPoolExecutor.java:947)
	at java.util.concurrent.ThreadPoolExecutor$Worker.run(ThreadPoolExecutor.java:907)
	at java.lang.Thread.run(Thread.java:662)

   Locked ownable synchronizers:
	- None

"MSC service thread 1-1" prio=6 tid=0x54f82400 nid=0x133c waiting on condition [0x553df000]
   java.lang.Thread.State: WAITING (parking)
	at sun.misc.Unsafe.park(Native Method)
	- parking to wait for  <0x19826a80> (a java.util.concurrent.locks.AbstractQueuedSynchronizer$ConditionObject)
	at java.util.concurrent.locks.LockSupport.park(LockSupport.java:156)
	at java.util.concurrent.locks.AbstractQueuedSynchronizer$ConditionObject.await(AbstractQueuedSynchronizer.java:1987)
	at java.util.concurrent.LinkedBlockingQueue.take(LinkedBlockingQueue.java:399)
	at java.util.concurrent.ThreadPoolExecutor.getTask(ThreadPoolExecutor.java:947)
	at java.util.concurrent.ThreadPoolExecutor$Worker.run(ThreadPoolExecutor.java:907)
	at java.lang.Thread.run(Thread.java:662)

   Locked ownable synchronizers:
	- None

"Reference Reaper" daemon prio=6 tid=0x54cb5400 nid=0x35c0 in Object.wait() [0x54e8f000]
   java.lang.Thread.State: WAITING (on object monitor)
	at java.lang.Object.wait(Native Method)
	- waiting on <0x19714f38> (a java.lang.ref.ReferenceQueue$Lock)
	at java.lang.ref.ReferenceQueue.remove(ReferenceQueue.java:118)
	- locked <0x19714f38> (a java.lang.ref.ReferenceQueue$Lock)
	at java.lang.ref.ReferenceQueue.remove(ReferenceQueue.java:134)
	at org.jboss.modules.ref.References$ReaperThread.run(References.java:68)

   Locked ownable synchronizers:
	- None

"Low Memory Detector" daemon prio=6 tid=0x0051b400 nid=0x2b8 runnable [0x00000000]
   java.lang.Thread.State: RUNNABLE

   Locked ownable synchronizers:
	- None

"C1 CompilerThread0" daemon prio=10 tid=0x00512800 nid=0x2a50 waiting on condition [0x00000000]
   java.lang.Thread.State: RUNNABLE

   Locked ownable synchronizers:
	- None

"JDWP Event Helper Thread" daemon prio=6 tid=0x0050b800 nid=0x1e44 runnable [0x00000000]
   java.lang.Thread.State: RUNNABLE

   Locked ownable synchronizers:
	- None

"Attach Listener" daemon prio=10 tid=0x004fc400 nid=0x2dbc waiting on condition [0x00000000]
   java.lang.Thread.State: RUNNABLE

   Locked ownable synchronizers:
	- None

"Signal Dispatcher" daemon prio=10 tid=0x004f9400 nid=0x35e8 runnable [0x00000000]
   java.lang.Thread.State: RUNNABLE

   Locked ownable synchronizers:
	- None

"Finalizer" daemon prio=8 tid=0x004ce000 nid=0x3134 in Object.wait() [0x5474f000]
   java.lang.Thread.State: WAITING (on object monitor)
	at java.lang.Object.wait(Native Method)
	- waiting on <0x196f0b00> (a java.lang.ref.ReferenceQueue$Lock)
	at java.lang.ref.ReferenceQueue.remove(ReferenceQueue.java:118)
	- locked <0x196f0b00> (a java.lang.ref.ReferenceQueue$Lock)
	at java.lang.ref.ReferenceQueue.remove(ReferenceQueue.java:134)
	at java.lang.ref.Finalizer$FinalizerThread.run(Finalizer.java:159)

   Locked ownable synchronizers:
	- None

"Reference Handler" daemon prio=10 tid=0x004c9400 nid=0x1804 in Object.wait() [0x546bf000]
   java.lang.Thread.State: WAITING (on object monitor)
	at java.lang.Object.wait(Native Method)
	- waiting on <0x196f0a20> (a java.lang.ref.Reference$Lock)
	at java.lang.Object.wait(Object.java:485)
	at java.lang.ref.Reference$ReferenceHandler.run(Reference.java:116)
	- locked <0x196f0a20> (a java.lang.ref.Reference$Lock)

   Locked ownable synchronizers:
	- None

"VM Thread" prio=10 tid=0x004c5c00 nid=0x2244 runnable 

"VM Periodic Task Thread" prio=10 tid=0x0052f000 nid=0x37e0 waiting on condition 

JNI global references: 117600

